2015/07/13 08:14:45 [error] [system.db.CDbCommand] CDbCommand::execute() failed: SQLSTATE[42000]: Syntax error or access violation: 1064 You have an error in your SQL syntax; check the manual that corresponds to your MySQL server version for the right syntax to use near ')' at line 1. The SQL statement executed was: UPDATE tbl_words SET have_media = 1 WHERE id IN ().
2015/07/13 08:14:45 [error] [exception.CDbException] exception 'CDbException' with message 'CDbCommand failed to execute the SQL statement: SQLSTATE[42000]: Syntax error or access violation: 1064 You have an error in your SQL syntax; check the manual that corresponds to your MySQL server version for the right syntax to use near ')' at line 1. The SQL statement executed was: UPDATE tbl_words SET have_media = 1 WHERE id IN ()' in /Volumes/DATA/php/edu_php_backend/framework/db/CDbCommand.php:358
Stack trace:
#0 /Volumes/DATA/php/edu_php_backend/protected/controllers/duolingo/WordController.php(1441): CDbCommand->execute()
#1 /Volumes/DATA/php/edu_php_backend/framework/web/actions/CInlineAction.php(49): WordController->actionAudio()
#2 /Volumes/DATA/php/edu_php_backend/framework/web/CController.php(308): CInlineAction->runWithParams(Array)
#3 /Volumes/DATA/php/edu_php_backend/framework/web/filters/CFilterChain.php(133): CController->runAction(Object(CInlineAction))
#4 /Volumes/DATA/php/edu_php_backend/framework/web/filters/CFilter.php(40): CFilterChain->run()
#5 /Volumes/DATA/php/edu_php_backend/framework/web/CController.php(1145): CFilter->filter(Object(CFilterChain))
#6 /Volumes/DATA/php/edu_php_backend/framework/web/filters/CInlineFilter.php(58): CController->filterAccessControl(Object(CFilterChain))
#7 /Volumes/DATA/php/edu_php_backend/framework/web/filters/CFilterChain.php(130): CInlineFilter->filter(Object(CFilterChain))
#8 /Volumes/DATA/php/edu_php_backend/framework/web/CController.php(291): CFilterChain->run()
#9 /Volumes/DATA/php/edu_php_backend/framework/web/CController.php(265): CController->runActionWithFilters(Object(CInlineAction), Array)
#10 /Volumes/DATA/php/edu_php_backend/framework/web/CWebApplication.php(282): CController->run('audio')
#11 /Volumes/DATA/php/edu_php_backend/framework/web/CWebApplication.php(141): CWebApplication->runController('word/audio')
#12 /Volumes/DATA/php/edu_php_backend/framework/base/CApplication.php(180): CWebApplication->processRequest()
#13 /Volumes/DATA/php/edu_php_backend/protected/components/WebApplicationEndBehavior.php(23): CApplication->run()
#14 [internal function]: WebApplicationEndBehavior->runEnd('duolingo')
#15 /Volumes/DATA/php/edu_php_backend/framework/base/CComponent.php(261): call_user_func_array(Array, Array)
#16 /Volumes/DATA/php/edu_php_backend/duolingo.php(4): CComponent->__call('runEnd', Array)
#17 /Volumes/DATA/php/edu_php_backend/duolingo.php(4): CWebApplication->runEnd('duolingo')
#18 {main}
REQUEST_URI=/duolingo/word/audio?bug=1
---
2015/07/14 08:54:50 [error] [exception.CException] exception 'CException' with message 'CAssetManager.basePath "/Volumes/DATA/php/edu_php_backend/assets" is invalid. Please make sure the directory exists and is writable by the Web server process.' in /Volumes/DATA/php/edu_php_backend/framework/web/CAssetManager.php:138
Stack trace:
#0 /Volumes/DATA/php/edu_php_backend/framework/web/CAssetManager.php(123): CAssetManager->setBasePath('/Volumes/DATA/p...')
#1 /Volumes/DATA/php/edu_php_backend/framework/web/CAssetManager.php(217): CAssetManager->getBasePath()
#2 /Volumes/DATA/php/edu_php_backend/protected/extensions/yii-debug-toolbar/YiiDebugToolbar.php(97): CAssetManager->publish('/Volumes/DATA/p...', false, -1, true)
#3 /Volumes/DATA/php/edu_php_backend/framework/base/CComponent.php(111): YiiDebugToolbar->getAssetsUrl()
#4 /Volumes/DATA/php/edu_php_backend/protected/extensions/yii-debug-toolbar/YiiDebugToolbar.php(165): CComponent->__get('assetsUrl')
#5 /Volumes/DATA/php/edu_php_backend/protected/extensions/yii-debug-toolbar/YiiDebugToolbar.php(128): YiiDebugToolbar->registerClientScripts()
#6 /Volumes/DATA/php/edu_php_backend/protected/extensions/yii-debug-toolbar/YiiDebugToolbarRoute.php(145): YiiDebugToolbar->init()
#7 /Volumes/DATA/php/edu_php_backend/framework/base/CComponent.php(561): YiiDebugToolbarRoute->onBeginRequest(Object(CEvent))
#8 /Volumes/DATA/php/edu_php_backend/framework/base/CApplication.php(207): CComponent->raiseEvent('onBeginRequest', Object(CEvent))
#9 /Volumes/DATA/php/edu_php_backend/framework/base/CApplication.php(178): CApplication->onBeginRequest(Object(CEvent))
#10 /Volumes/DATA/php/edu_php_backend/protected/components/WebApplicationEndBehavior.php(23): CApplication->run()
#11 [internal function]: WebApplicationEndBehavior->runEnd('backend')
#12 /Volumes/DATA/php/edu_php_backend/framework/base/CComponent.php(261): call_user_func_array(Array, Array)
#13 /Volumes/DATA/php/edu_php_backend/backend.php(11): CComponent->__call('runEnd', Array)
#14 /Volumes/DATA/php/edu_php_backend/backend.php(11): CWebApplication->runEnd('backend')
#15 {main}
REQUEST_URI=/backend?bug=1
---
2015/07/14 08:55:55 [error] [exception.CException] exception 'CException' with message 'CAssetManager.basePath "/Volumes/DATA/php/edu_php_backend/assets" is invalid. Please make sure the directory exists and is writable by the Web server process.' in /Volumes/DATA/php/edu_php_backend/framework/web/CAssetManager.php:138
Stack trace:
#0 /Volumes/DATA/php/edu_php_backend/framework/web/CAssetManager.php(123): CAssetManager->setBasePath('/Volumes/DATA/p...')
#1 /Volumes/DATA/php/edu_php_backend/framework/web/CAssetManager.php(217): CAssetManager->getBasePath()
#2 /Volumes/DATA/php/edu_php_backend/protected/extensions/yii-debug-toolbar/YiiDebugToolbar.php(97): CAssetManager->publish('/Volumes/DATA/p...', false, -1, true)
#3 /Volumes/DATA/php/edu_php_backend/framework/base/CComponent.php(111): YiiDebugToolbar->getAssetsUrl()
#4 /Volumes/DATA/php/edu_php_backend/protected/extensions/yii-debug-toolbar/YiiDebugToolbar.php(165): CComponent->__get('assetsUrl')
#5 /Volumes/DATA/php/edu_php_backend/protected/extensions/yii-debug-toolbar/YiiDebugToolbar.php(128): YiiDebugToolbar->registerClientScripts()
#6 /Volumes/DATA/php/edu_php_backend/protected/extensions/yii-debug-toolbar/YiiDebugToolbarRoute.php(145): YiiDebugToolbar->init()
#7 /Volumes/DATA/php/edu_php_backend/framework/base/CComponent.php(561): YiiDebugToolbarRoute->onBeginRequest(Object(CEvent))
#8 /Volumes/DATA/php/edu_php_backend/framework/base/CApplication.php(207): CComponent->raiseEvent('onBeginRequest', Object(CEvent))
#9 /Volumes/DATA/php/edu_php_backend/framework/base/CApplication.php(178): CApplication->onBeginRequest(Object(CEvent))
#10 /Volumes/DATA/php/edu_php_backend/protected/components/WebApplicationEndBehavior.php(23): CApplication->run()
#11 [internal function]: WebApplicationEndBehavior->runEnd('backend')
#12 /Volumes/DATA/php/edu_php_backend/framework/base/CComponent.php(261): call_user_func_array(Array, Array)
#13 /Volumes/DATA/php/edu_php_backend/backend.php(11): CComponent->__call('runEnd', Array)
#14 /Volumes/DATA/php/edu_php_backend/backend.php(11): CWebApplication->runEnd('backend')
#15 {main}
REQUEST_URI=/backend?bug=1
---
2015/07/14 08:56:19 [error] [exception.CException] exception 'CException' with message 'CAssetManager.basePath "/Volumes/DATA/php/edu_php_backend/assets" is invalid. Please make sure the directory exists and is writable by the Web server process.' in /Volumes/DATA/php/edu_php_backend/framework/web/CAssetManager.php:138
Stack trace:
#0 /Volumes/DATA/php/edu_php_backend/framework/web/CAssetManager.php(123): CAssetManager->setBasePath('/Volumes/DATA/p...')
#1 /Volumes/DATA/php/edu_php_backend/framework/web/CAssetManager.php(217): CAssetManager->getBasePath()
#2 /Volumes/DATA/php/edu_php_backend/protected/extensions/yii-debug-toolbar/YiiDebugToolbar.php(97): CAssetManager->publish('/Volumes/DATA/p...', false, -1, true)
#3 /Volumes/DATA/php/edu_php_backend/framework/base/CComponent.php(111): YiiDebugToolbar->getAssetsUrl()
#4 /Volumes/DATA/php/edu_php_backend/protected/extensions/yii-debug-toolbar/YiiDebugToolbar.php(165): CComponent->__get('assetsUrl')
#5 /Volumes/DATA/php/edu_php_backend/protected/extensions/yii-debug-toolbar/YiiDebugToolbar.php(128): YiiDebugToolbar->registerClientScripts()
#6 /Volumes/DATA/php/edu_php_backend/protected/extensions/yii-debug-toolbar/YiiDebugToolbarRoute.php(145): YiiDebugToolbar->init()
#7 /Volumes/DATA/php/edu_php_backend/framework/base/CComponent.php(561): YiiDebugToolbarRoute->onBeginRequest(Object(CEvent))
#8 /Volumes/DATA/php/edu_php_backend/framework/base/CApplication.php(207): CComponent->raiseEvent('onBeginRequest', Object(CEvent))
#9 /Volumes/DATA/php/edu_php_backend/framework/base/CApplication.php(178): CApplication->onBeginRequest(Object(CEvent))
#10 /Volumes/DATA/php/edu_php_backend/protected/components/WebApplicationEndBehavior.php(23): CApplication->run()
#11 [internal function]: WebApplicationEndBehavior->runEnd('backend')
#12 /Volumes/DATA/php/edu_php_backend/framework/base/CComponent.php(261): call_user_func_array(Array, Array)
#13 /Volumes/DATA/php/edu_php_backend/backend.php(11): CComponent->__call('runEnd', Array)
#14 /Volumes/DATA/php/edu_php_backend/backend.php(11): CWebApplication->runEnd('backend')
#15 {main}
REQUEST_URI=/backend?bug=1
---
2015/07/14 08:57:02 [error] [exception.CException] exception 'CException' with message 'CAssetManager.basePath "/Volumes/DATA/php/edu_php_backend/assets" is invalid. Please make sure the directory exists and is writable by the Web server process.' in /Volumes/DATA/php/edu_php_backend/framework/web/CAssetManager.php:138
Stack trace:
#0 /Volumes/DATA/php/edu_php_backend/framework/web/CAssetManager.php(123): CAssetManager->setBasePath('/Volumes/DATA/p...')
#1 /Volumes/DATA/php/edu_php_backend/framework/web/CAssetManager.php(217): CAssetManager->getBasePath()
#2 /Volumes/DATA/php/edu_php_backend/protected/extensions/yii-debug-toolbar/YiiDebugToolbar.php(97): CAssetManager->publish('/Volumes/DATA/p...', false, -1, true)
#3 /Volumes/DATA/php/edu_php_backend/framework/base/CComponent.php(111): YiiDebugToolbar->getAssetsUrl()
#4 /Volumes/DATA/php/edu_php_backend/protected/extensions/yii-debug-toolbar/YiiDebugToolbar.php(165): CComponent->__get('assetsUrl')
#5 /Volumes/DATA/php/edu_php_backend/protected/extensions/yii-debug-toolbar/YiiDebugToolbar.php(128): YiiDebugToolbar->registerClientScripts()
#6 /Volumes/DATA/php/edu_php_backend/protected/extensions/yii-debug-toolbar/YiiDebugToolbarRoute.php(145): YiiDebugToolbar->init()
#7 /Volumes/DATA/php/edu_php_backend/framework/base/CComponent.php(561): YiiDebugToolbarRoute->onBeginRequest(Object(CEvent))
#8 /Volumes/DATA/php/edu_php_backend/framework/base/CApplication.php(207): CComponent->raiseEvent('onBeginRequest', Object(CEvent))
#9 /Volumes/DATA/php/edu_php_backend/framework/base/CApplication.php(178): CApplication->onBeginRequest(Object(CEvent))
#10 /Volumes/DATA/php/edu_php_backend/protected/components/WebApplicationEndBehavior.php(23): CApplication->run()
#11 [internal function]: WebApplicationEndBehavior->runEnd('backend')
#12 /Volumes/DATA/php/edu_php_backend/framework/base/CComponent.php(261): call_user_func_array(Array, Array)
#13 /Volumes/DATA/php/edu_php_backend/backend.php(11): CComponent->__call('runEnd', Array)
#14 /Volumes/DATA/php/edu_php_backend/backend.php(11): CWebApplication->runEnd('backend')
#15 {main}
REQUEST_URI=/backend/asf/s?bug=1
---
2015/07/14 08:57:15 [error] [exception.CHttpException.404] exception 'CHttpException' with message 'Unable to resolve the request "asf/s".' in /Volumes/DATA/php/edu_php_backend/framework/web/CWebApplication.php:286
Stack trace:
#0 /Volumes/DATA/php/edu_php_backend/framework/web/CWebApplication.php(141): CWebApplication->runController('asf/s')
#1 /Volumes/DATA/php/edu_php_backend/framework/base/CApplication.php(180): CWebApplication->processRequest()
#2 /Volumes/DATA/php/edu_php_backend/protected/components/WebApplicationEndBehavior.php(23): CApplication->run()
#3 [internal function]: WebApplicationEndBehavior->runEnd('backend')
#4 /Volumes/DATA/php/edu_php_backend/framework/base/CComponent.php(261): call_user_func_array(Array, Array)
#5 /Volumes/DATA/php/edu_php_backend/backend.php(11): CComponent->__call('runEnd', Array)
#6 /Volumes/DATA/php/edu_php_backend/backend.php(11): CWebApplication->runEnd('backend')
#7 {main}
REQUEST_URI=/backend/asf/s?bug=1
---
2015/07/14 09:03:42 [error] [exception.CException] exception 'CException' with message 'CAssetManager.basePath "/Volumes/DATA/php/edu_php_backend/assets" is invalid. Please make sure the directory exists and is writable by the Web server process.' in /Volumes/DATA/php/edu_php_backend/framework/web/CAssetManager.php:138
Stack trace:
#0 /Volumes/DATA/php/edu_php_backend/framework/web/CAssetManager.php(123): CAssetManager->setBasePath('/Volumes/DATA/p...')
#1 /Volumes/DATA/php/edu_php_backend/framework/web/CAssetManager.php(217): CAssetManager->getBasePath()
#2 /Volumes/DATA/php/edu_php_backend/protected/extensions/yii-debug-toolbar/YiiDebugToolbar.php(97): CAssetManager->publish('/Volumes/DATA/p...', false, -1, true)
#3 /Volumes/DATA/php/edu_php_backend/framework/base/CComponent.php(111): YiiDebugToolbar->getAssetsUrl()
#4 /Volumes/DATA/php/edu_php_backend/protected/extensions/yii-debug-toolbar/YiiDebugToolbar.php(165): CComponent->__get('assetsUrl')
#5 /Volumes/DATA/php/edu_php_backend/protected/extensions/yii-debug-toolbar/YiiDebugToolbar.php(128): YiiDebugToolbar->registerClientScripts()
#6 /Volumes/DATA/php/edu_php_backend/protected/extensions/yii-debug-toolbar/YiiDebugToolbarRoute.php(145): YiiDebugToolbar->init()
#7 /Volumes/DATA/php/edu_php_backend/framework/base/CComponent.php(561): YiiDebugToolbarRoute->onBeginRequest(Object(CEvent))
#8 /Volumes/DATA/php/edu_php_backend/framework/base/CApplication.php(207): CComponent->raiseEvent('onBeginRequest', Object(CEvent))
#9 /Volumes/DATA/php/edu_php_backend/framework/base/CApplication.php(178): CApplication->onBeginRequest(Object(CEvent))
#10 /Volumes/DATA/php/edu_php_backend/protected/components/WebApplicationEndBehavior.php(23): CApplication->run()
#11 [internal function]: WebApplicationEndBehavior->runEnd('fontend')
#12 /Volumes/DATA/php/edu_php_backend/framework/base/CComponent.php(261): call_user_func_array(Array, Array)
#13 /Volumes/DATA/php/edu_php_backend/index.php(5): CComponent->__call('runEnd', Array)
#14 /Volumes/DATA/php/edu_php_backend/index.php(5): CWebApplication->runEnd('fontend')
#15 {main}
REQUEST_URI=/?bug=1
---
2015/07/14 09:09:44 [error] [exception.CHttpException.404] exception 'CHttpException' with message 'Unable to resolve the request "asf/s".' in /Volumes/DATA/php/edu_php_backend/framework/web/CWebApplication.php:286
Stack trace:
#0 /Volumes/DATA/php/edu_php_backend/framework/web/CWebApplication.php(141): CWebApplication->runController('asf/s')
#1 /Volumes/DATA/php/edu_php_backend/framework/base/CApplication.php(180): CWebApplication->processRequest()
#2 /Volumes/DATA/php/edu_php_backend/protected/components/WebApplicationEndBehavior.php(23): CApplication->run()
#3 [internal function]: WebApplicationEndBehavior->runEnd('backend')
#4 /Volumes/DATA/php/edu_php_backend/framework/base/CComponent.php(261): call_user_func_array(Array, Array)
#5 /Volumes/DATA/php/edu_php_backend/backend.php(11): CComponent->__call('runEnd', Array)
#6 /Volumes/DATA/php/edu_php_backend/backend.php(11): CWebApplication->runEnd('backend')
#7 {main}
REQUEST_URI=/backend/asf/s?bug=1
---
2015/07/14 09:10:01 [error] [exception.CHttpException.404] exception 'CHttpException' with message 'Unable to resolve the request "asf/s".' in /Volumes/DATA/php/edu_php_backend/framework/web/CWebApplication.php:286
Stack trace:
#0 /Volumes/DATA/php/edu_php_backend/framework/web/CWebApplication.php(141): CWebApplication->runController('asf/s')
#1 /Volumes/DATA/php/edu_php_backend/framework/base/CApplication.php(180): CWebApplication->processRequest()
#2 /Volumes/DATA/php/edu_php_backend/protected/components/WebApplicationEndBehavior.php(23): CApplication->run()
#3 [internal function]: WebApplicationEndBehavior->runEnd('backend')
#4 /Volumes/DATA/php/edu_php_backend/framework/base/CComponent.php(261): call_user_func_array(Array, Array)
#5 /Volumes/DATA/php/edu_php_backend/backend.php(11): CComponent->__call('runEnd', Array)
#6 /Volumes/DATA/php/edu_php_backend/backend.php(11): CWebApplication->runEnd('backend')
#7 {main}
REQUEST_URI=/backend/asf/s?bug=1
---
2015/07/14 09:10:26 [error] [exception.CHttpException.404] exception 'CHttpException' with message 'Unable to resolve the request "asf/s".' in /Volumes/DATA/php/edu_php_backend/framework/web/CWebApplication.php:286
Stack trace:
#0 /Volumes/DATA/php/edu_php_backend/framework/web/CWebApplication.php(141): CWebApplication->runController('asf/s')
#1 /Volumes/DATA/php/edu_php_backend/framework/base/CApplication.php(180): CWebApplication->processRequest()
#2 /Volumes/DATA/php/edu_php_backend/protected/components/WebApplicationEndBehavior.php(23): CApplication->run()
#3 [internal function]: WebApplicationEndBehavior->runEnd('backend')
#4 /Volumes/DATA/php/edu_php_backend/framework/base/CComponent.php(261): call_user_func_array(Array, Array)
#5 /Volumes/DATA/php/edu_php_backend/backend.php(11): CComponent->__call('runEnd', Array)
#6 /Volumes/DATA/php/edu_php_backend/backend.php(11): CWebApplication->runEnd('backend')
#7 {main}
REQUEST_URI=/backend/asf/s?bug=1
---
2015/07/14 09:10:40 [error] [exception.CHttpException.404] exception 'CHttpException' with message 'Unable to resolve the request "asf/s".' in /Volumes/DATA/php/edu_php_backend/framework/web/CWebApplication.php:286
Stack trace:
#0 /Volumes/DATA/php/edu_php_backend/framework/web/CWebApplication.php(141): CWebApplication->runController('asf/s')
#1 /Volumes/DATA/php/edu_php_backend/framework/base/CApplication.php(180): CWebApplication->processRequest()
#2 /Volumes/DATA/php/edu_php_backend/protected/components/WebApplicationEndBehavior.php(23): CApplication->run()
#3 [internal function]: WebApplicationEndBehavior->runEnd('backend')
#4 /Volumes/DATA/php/edu_php_backend/framework/base/CComponent.php(261): call_user_func_array(Array, Array)
#5 /Volumes/DATA/php/edu_php_backend/backend.php(11): CComponent->__call('runEnd', Array)
#6 /Volumes/DATA/php/edu_php_backend/backend.php(11): CWebApplication->runEnd('backend')
#7 {main}
REQUEST_URI=/backend/asf/s?bug=1
---
2015/07/14 11:44:30 [error] [system.db.CDbCommand] CDbCommand::fetchAll() failed: SQLSTATE[42000]: Syntax error or access violation: 1064 You have an error in your SQL syntax; check the manual that corresponds to your MySQL server version for the right syntax to use near '' at line 1. The SQL statement executed was: SELECT * FROM tbl_word_image WHERE word_id = .
2015/07/14 11:44:30 [error] [exception.CDbException] exception 'CDbException' with message 'CDbCommand failed to execute the SQL statement: SQLSTATE[42000]: Syntax error or access violation: 1064 You have an error in your SQL syntax; check the manual that corresponds to your MySQL server version for the right syntax to use near '' at line 1. The SQL statement executed was: SELECT * FROM tbl_word_image WHERE word_id = ' in /Volumes/DATA/php/edu_php_backend/framework/db/CDbCommand.php:543
Stack trace:
#0 /Volumes/DATA/php/edu_php_backend/framework/db/CDbCommand.php(396): CDbCommand->queryInternal('fetchAll', Array, Array)
#1 /Volumes/DATA/php/edu_php_backend/protected/controllers/duolingo/CopyController.php(102): CDbCommand->queryAll()
#2 /Volumes/DATA/php/edu_php_backend/framework/web/actions/CInlineAction.php(49): CopyController->actionWordProcess()
#3 /Volumes/DATA/php/edu_php_backend/framework/web/CController.php(308): CInlineAction->runWithParams(Array)
#4 /Volumes/DATA/php/edu_php_backend/framework/web/filters/CFilterChain.php(133): CController->runAction(Object(CInlineAction))
#5 /Volumes/DATA/php/edu_php_backend/framework/web/filters/CFilter.php(40): CFilterChain->run()
#6 /Volumes/DATA/php/edu_php_backend/framework/web/CController.php(1145): CFilter->filter(Object(CFilterChain))
#7 /Volumes/DATA/php/edu_php_backend/framework/web/filters/CInlineFilter.php(58): CController->filterAccessControl(Object(CFilterChain))
#8 /Volumes/DATA/php/edu_php_backend/framework/web/filters/CFilterChain.php(130): CInlineFilter->filter(Object(CFilterChain))
#9 /Volumes/DATA/php/edu_php_backend/framework/web/CController.php(291): CFilterChain->run()
#10 /Volumes/DATA/php/edu_php_backend/framework/web/CController.php(265): CController->runActionWithFilters(Object(CInlineAction), Array)
#11 /Volumes/DATA/php/edu_php_backend/framework/web/CWebApplication.php(282): CController->run('wordprocess')
#12 /Volumes/DATA/php/edu_php_backend/framework/web/CWebApplication.php(141): CWebApplication->runController('copy/wordproces...')
#13 /Volumes/DATA/php/edu_php_backend/framework/base/CApplication.php(180): CWebApplication->processRequest()
#14 /Volumes/DATA/php/edu_php_backend/protected/components/WebApplicationEndBehavior.php(23): CApplication->run()
#15 [internal function]: WebApplicationEndBehavior->runEnd('duolingo')
#16 /Volumes/DATA/php/edu_php_backend/framework/base/CComponent.php(261): call_user_func_array(Array, Array)
#17 /Volumes/DATA/php/edu_php_backend/duolingo.php(4): CComponent->__call('runEnd', Array)
#18 /Volumes/DATA/php/edu_php_backend/duolingo.php(4): CWebApplication->runEnd('duolingo')
#19 {main}
REQUEST_URI=/duolingo/copy/wordprocess?bug=1&man=1
---
2015/07/14 13:27:33 [error] [system.db.CDbCommand] CDbCommand::execute() failed: SQLSTATE[21S01]: Insert value list does not match column list: 1136 Column count doesn't match value count at row 1. The SQL statement executed was: INSERT INTO tbl_check_word_tmp SELECT * FROM tbl_check_word WHERE level_id = 0.
2015/07/14 13:27:33 [error] [exception.CDbException] exception 'CDbException' with message 'CDbCommand failed to execute the SQL statement: SQLSTATE[21S01]: Insert value list does not match column list: 1136 Column count doesn't match value count at row 1. The SQL statement executed was: INSERT INTO tbl_check_word_tmp SELECT * FROM tbl_check_word WHERE level_id = 0' in /Volumes/DATA/php/edu_php_backend/framework/db/CDbCommand.php:358
Stack trace:
#0 /Volumes/DATA/php/edu_php_backend/protected/controllers/backend/WordController.php(365): CDbCommand->execute()
#1 /Volumes/DATA/php/edu_php_backend/framework/web/actions/CInlineAction.php(49): WordController->actionIndexData()
#2 /Volumes/DATA/php/edu_php_backend/framework/web/CController.php(308): CInlineAction->runWithParams(Array)
#3 /Volumes/DATA/php/edu_php_backend/framework/web/filters/CFilterChain.php(133): CController->runAction(Object(CInlineAction))
#4 /Volumes/DATA/php/edu_php_backend/framework/web/filters/CFilter.php(40): CFilterChain->run()
#5 /Volumes/DATA/php/edu_php_backend/framework/web/CController.php(1145): CFilter->filter(Object(CFilterChain))
#6 /Volumes/DATA/php/edu_php_backend/framework/web/filters/CInlineFilter.php(58): CController->filterAccessControl(Object(CFilterChain))
#7 /Volumes/DATA/php/edu_php_backend/framework/web/filters/CFilterChain.php(130): CInlineFilter->filter(Object(CFilterChain))
#8 /Volumes/DATA/php/edu_php_backend/framework/web/CController.php(291): CFilterChain->run()
#9 /Volumes/DATA/php/edu_php_backend/framework/web/CController.php(265): CController->runActionWithFilters(Object(CInlineAction), Array)
#10 /Volumes/DATA/php/edu_php_backend/framework/web/CWebApplication.php(282): CController->run('indexdata')
#11 /Volumes/DATA/php/edu_php_backend/framework/web/CWebApplication.php(141): CWebApplication->runController('word/indexdata')
#12 /Volumes/DATA/php/edu_php_backend/framework/base/CApplication.php(180): CWebApplication->processRequest()
#13 /Volumes/DATA/php/edu_php_backend/protected/components/WebApplicationEndBehavior.php(23): CApplication->run()
#14 [internal function]: WebApplicationEndBehavior->runEnd('backend')
#15 /Volumes/DATA/php/edu_php_backend/framework/base/CComponent.php(261): call_user_func_array(Array, Array)
#16 /Volumes/DATA/php/edu_php_backend/backend.php(11): CComponent->__call('runEnd', Array)
#17 /Volumes/DATA/php/edu_php_backend/backend.php(11): CWebApplication->runEnd('backend')
#18 {main}
REQUEST_URI=/backend/word/indexdata?bug=1
---
2015/07/18 09:12:30 [error] [system.db.CDbCommand] CDbCommand::fetch() failed: SQLSTATE[42000]: Syntax error or access violation: 1064 You have an error in your SQL syntax; check the manual that corresponds to your MySQL server version for the right syntax to use near 'AND level_id = 80' at line 1. The SQL statement executed was: SELECT * FROM tbl_level_category WHERE cate_id =  AND level_id = 80.
2015/07/18 09:12:30 [error] [exception.CDbException] exception 'CDbException' with message 'CDbCommand failed to execute the SQL statement: SQLSTATE[42000]: Syntax error or access violation: 1064 You have an error in your SQL syntax; check the manual that corresponds to your MySQL server version for the right syntax to use near 'AND level_id = 80' at line 1. The SQL statement executed was: SELECT * FROM tbl_level_category WHERE cate_id =  AND level_id = 80' in /Volumes/DATA/php/edu_php_backend/framework/db/CDbCommand.php:543
Stack trace:
#0 /Volumes/DATA/php/edu_php_backend/framework/db/CDbCommand.php(415): CDbCommand->queryInternal('fetch', Array, Array)
#1 /Volumes/DATA/php/edu_php_backend/protected/controllers/backend/LevelController.php(295): CDbCommand->queryRow()
#2 /Volumes/DATA/php/edu_php_backend/framework/web/actions/CInlineAction.php(49): LevelController->actionAddCard()
#3 /Volumes/DATA/php/edu_php_backend/framework/web/CController.php(308): CInlineAction->runWithParams(Array)
#4 /Volumes/DATA/php/edu_php_backend/framework/web/filters/CFilterChain.php(133): CController->runAction(Object(CInlineAction))
#5 /Volumes/DATA/php/edu_php_backend/framework/web/filters/CFilter.php(40): CFilterChain->run()
#6 /Volumes/DATA/php/edu_php_backend/framework/web/CController.php(1145): CFilter->filter(Object(CFilterChain))
#7 /Volumes/DATA/php/edu_php_backend/framework/web/filters/CInlineFilter.php(58): CController->filterAccessControl(Object(CFilterChain))
#8 /Volumes/DATA/php/edu_php_backend/framework/web/filters/CFilterChain.php(130): CInlineFilter->filter(Object(CFilterChain))
#9 /Volumes/DATA/php/edu_php_backend/framework/web/CController.php(291): CFilterChain->run()
#10 /Volumes/DATA/php/edu_php_backend/framework/web/CController.php(265): CController->runActionWithFilters(Object(CInlineAction), Array)
#11 /Volumes/DATA/php/edu_php_backend/framework/web/CWebApplication.php(282): CController->run('addcard')
#12 /Volumes/DATA/php/edu_php_backend/framework/web/CWebApplication.php(141): CWebApplication->runController('level/addcard')
#13 /Volumes/DATA/php/edu_php_backend/framework/base/CApplication.php(180): CWebApplication->processRequest()
#14 /Volumes/DATA/php/edu_php_backend/protected/components/WebApplicationEndBehavior.php(23): CApplication->run()
#15 [internal function]: WebApplicationEndBehavior->runEnd('backend')
#16 /Volumes/DATA/php/edu_php_backend/framework/base/CComponent.php(261): call_user_func_array(Array, Array)
#17 /Volumes/DATA/php/edu_php_backend/backend.php(11): CComponent->__call('runEnd', Array)
#18 /Volumes/DATA/php/edu_php_backend/backend.php(11): CWebApplication->runEnd('backend')
#19 {main}
REQUEST_URI=/backend/level/addcard?cate_id=83&lang_id=12&level_id=80&bug=1
---
2015/07/31 09:50:25 [error] [exception.CDbException] exception 'CDbException' with message 'CDbConnection failed to open the DB connection: SQLSTATE[HY000] [1049] Unknown database 'edu_content'' in /Volumes/DATA/php/edu_php_backend/framework/db/CDbConnection.php:382
Stack trace:
#0 /Volumes/DATA/php/edu_php_backend/framework/db/CDbConnection.php(330): CDbConnection->open()
#1 /Volumes/DATA/php/edu_php_backend/framework/db/CDbConnection.php(308): CDbConnection->setActive(true)
#2 /Volumes/DATA/php/edu_php_backend/framework/base/CModule.php(387): CDbConnection->init()
#3 /Volumes/DATA/php/edu_php_backend/framework/base/CModule.php(103): CModule->getComponent('db2')
#4 /Volumes/DATA/php/edu_php_backend/protected/controllers/backend/AssignController.php(456): CModule->__get('db2')
#5 /Volumes/DATA/php/edu_php_backend/protected/controllers/backend/AssignController.php(167): AssignController->getShutterstockInfo(Array)
#6 /Volumes/DATA/php/edu_php_backend/framework/web/actions/CInlineAction.php(49): AssignController->actionImage()
#7 /Volumes/DATA/php/edu_php_backend/framework/web/CController.php(308): CInlineAction->runWithParams(Array)
#8 /Volumes/DATA/php/edu_php_backend/framework/web/filters/CFilterChain.php(133): CController->runAction(Object(CInlineAction))
#9 /Volumes/DATA/php/edu_php_backend/framework/web/filters/CFilter.php(40): CFilterChain->run()
#10 /Volumes/DATA/php/edu_php_backend/framework/web/CController.php(1145): CFilter->filter(Object(CFilterChain))
#11 /Volumes/DATA/php/edu_php_backend/framework/web/filters/CInlineFilter.php(58): CController->filterAccessControl(Object(CFilterChain))
#12 /Volumes/DATA/php/edu_php_backend/framework/web/filters/CFilterChain.php(130): CInlineFilter->filter(Object(CFilterChain))
#13 /Volumes/DATA/php/edu_php_backend/framework/web/CController.php(291): CFilterChain->run()
#14 /Volumes/DATA/php/edu_php_backend/framework/web/CController.php(265): CController->runActionWithFilters(Object(CInlineAction), Array)
#15 /Volumes/DATA/php/edu_php_backend/framework/web/CWebApplication.php(282): CController->run('image')
#16 /Volumes/DATA/php/edu_php_backend/framework/web/CWebApplication.php(141): CWebApplication->runController('assign/image')
#17 /Volumes/DATA/php/edu_php_backend/framework/base/CApplication.php(180): CWebApplication->processRequest()
#18 /Volumes/DATA/php/edu_php_backend/protected/components/WebApplicationEndBehavior.php(23): CApplication->run()
#19 [internal function]: WebApplicationEndBehavior->runEnd('backend')
#20 /Volumes/DATA/php/edu_php_backend/framework/base/CComponent.php(261): call_user_func_array(Array, Array)
#21 /Volumes/DATA/php/edu_php_backend/backend.php(11): CComponent->__call('runEnd', Array)
#22 /Volumes/DATA/php/edu_php_backend/backend.php(11): CWebApplication->runEnd('backend')
#23 {main}
REQUEST_URI=/backend/assign/image?bug=1
---
2015/08/03 17:35:23 [error] [system.db.CDbCommand] CDbCommand::execute() failed: SQLSTATE[23000]: Integrity constraint violation: 1048 Column 'weight' cannot be null. The SQL statement executed was: REPLACE INTO tbl_video_card (`id_card`,`id_video`,`lang_id`,`status`,`assign_time`,`weight`,`level_type`) VALUES (:id_card,:id_video,:lang_id,:status,:assign_time,:weight,:level_type). Bound with id_card='81', id_video='323', lang_id='4', status=1, assign_time=1438598123, weight=NULL, level_type=3.
2015/08/03 17:35:23 [error] [exception.CDbException] exception 'CDbException' with message 'CDbCommand failed to execute the SQL statement: SQLSTATE[23000]: Integrity constraint violation: 1048 Column 'weight' cannot be null. The SQL statement executed was: REPLACE INTO tbl_video_card (`id_card`,`id_video`,`lang_id`,`status`,`assign_time`,`weight`,`level_type`) VALUES (:id_card,:id_video,:lang_id,:status,:assign_time,:weight,:level_type). Bound with id_card='81', id_video='323', lang_id='4', status=1, assign_time=1438598123, weight=NULL, level_type=3' in /Volumes/DATA/php/edu_php_backend/framework/db/CDbCommand.php:358
Stack trace:
#0 /Volumes/DATA/php/edu_php_backend/lib/function.php(60): CDbCommand->execute()
#1 /Volumes/DATA/php/edu_php_backend/protected/controllers/backend/GeneralController.php(269): yii_insert_row('video_card', Array, 'db', true)
#2 /Volumes/DATA/php/edu_php_backend/framework/web/actions/CInlineAction.php(49): GeneralController->actionCard()
#3 /Volumes/DATA/php/edu_php_backend/framework/web/CController.php(308): CInlineAction->runWithParams(Array)
#4 /Volumes/DATA/php/edu_php_backend/framework/web/filters/CFilterChain.php(133): CController->runAction(Object(CInlineAction))
#5 /Volumes/DATA/php/edu_php_backend/framework/web/filters/CFilter.php(40): CFilterChain->run()
#6 /Volumes/DATA/php/edu_php_backend/framework/web/CController.php(1145): CFilter->filter(Object(CFilterChain))
#7 /Volumes/DATA/php/edu_php_backend/framework/web/filters/CInlineFilter.php(58): CController->filterAccessControl(Object(CFilterChain))
#8 /Volumes/DATA/php/edu_php_backend/framework/web/filters/CFilterChain.php(130): CInlineFilter->filter(Object(CFilterChain))
#9 /Volumes/DATA/php/edu_php_backend/framework/web/CController.php(291): CFilterChain->run()
#10 /Volumes/DATA/php/edu_php_backend/framework/web/CController.php(265): CController->runActionWithFilters(Object(CInlineAction), Array)
#11 /Volumes/DATA/php/edu_php_backend/framework/web/CWebApplication.php(282): CController->run('card')
#12 /Volumes/DATA/php/edu_php_backend/framework/web/CWebApplication.php(141): CWebApplication->runController('general/card')
#13 /Volumes/DATA/php/edu_php_backend/framework/base/CApplication.php(180): CWebApplication->processRequest()
#14 /Volumes/DATA/php/edu_php_backend/protected/components/WebApplicationEndBehavior.php(23): CApplication->run()
#15 [internal function]: WebApplicationEndBehavior->runEnd('backend')
#16 /Volumes/DATA/php/edu_php_backend/framework/base/CComponent.php(261): call_user_func_array(Array, Array)
#17 /Volumes/DATA/php/edu_php_backend/backend.php(11): CComponent->__call('runEnd', Array)
#18 /Volumes/DATA/php/edu_php_backend/backend.php(11): CWebApplication->runEnd('backend')
#19 {main}
REQUEST_URI=/backend/general/card?id=81&lang_id=4&level_id=4&confirm=1&bug=1
---
2015/08/03 17:36:05 [error] [system.db.CDbCommand] CDbCommand::execute() failed: SQLSTATE[23000]: Integrity constraint violation: 1048 Column 'weight' cannot be null. The SQL statement executed was: REPLACE INTO tbl_video_card (`id_card`,`id_video`,`lang_id`,`status`,`assign_time`,`weight`,`level_type`) VALUES (:id_card,:id_video,:lang_id,:status,:assign_time,:weight,:level_type). Bound with id_card='81', id_video='323', lang_id='4', status=1, assign_time=1438598165, weight=NULL, level_type=3.
2015/08/03 17:36:05 [error] [exception.CDbException] exception 'CDbException' with message 'CDbCommand failed to execute the SQL statement: SQLSTATE[23000]: Integrity constraint violation: 1048 Column 'weight' cannot be null. The SQL statement executed was: REPLACE INTO tbl_video_card (`id_card`,`id_video`,`lang_id`,`status`,`assign_time`,`weight`,`level_type`) VALUES (:id_card,:id_video,:lang_id,:status,:assign_time,:weight,:level_type). Bound with id_card='81', id_video='323', lang_id='4', status=1, assign_time=1438598165, weight=NULL, level_type=3' in /Volumes/DATA/php/edu_php_backend/framework/db/CDbCommand.php:358
Stack trace:
#0 /Volumes/DATA/php/edu_php_backend/lib/function.php(60): CDbCommand->execute()
#1 /Volumes/DATA/php/edu_php_backend/protected/controllers/backend/GeneralController.php(269): yii_insert_row('video_card', Array, 'db', true)
#2 /Volumes/DATA/php/edu_php_backend/framework/web/actions/CInlineAction.php(49): GeneralController->actionCard()
#3 /Volumes/DATA/php/edu_php_backend/framework/web/CController.php(308): CInlineAction->runWithParams(Array)
#4 /Volumes/DATA/php/edu_php_backend/framework/web/filters/CFilterChain.php(133): CController->runAction(Object(CInlineAction))
#5 /Volumes/DATA/php/edu_php_backend/framework/web/filters/CFilter.php(40): CFilterChain->run()
#6 /Volumes/DATA/php/edu_php_backend/framework/web/CController.php(1145): CFilter->filter(Object(CFilterChain))
#7 /Volumes/DATA/php/edu_php_backend/framework/web/filters/CInlineFilter.php(58): CController->filterAccessControl(Object(CFilterChain))
#8 /Volumes/DATA/php/edu_php_backend/framework/web/filters/CFilterChain.php(130): CInlineFilter->filter(Object(CFilterChain))
#9 /Volumes/DATA/php/edu_php_backend/framework/web/CController.php(291): CFilterChain->run()
#10 /Volumes/DATA/php/edu_php_backend/framework/web/CController.php(265): CController->runActionWithFilters(Object(CInlineAction), Array)
#11 /Volumes/DATA/php/edu_php_backend/framework/web/CWebApplication.php(282): CController->run('card')
#12 /Volumes/DATA/php/edu_php_backend/framework/web/CWebApplication.php(141): CWebApplication->runController('general/card')
#13 /Volumes/DATA/php/edu_php_backend/framework/base/CApplication.php(180): CWebApplication->processRequest()
#14 /Volumes/DATA/php/edu_php_backend/protected/components/WebApplicationEndBehavior.php(23): CApplication->run()
#15 [internal function]: WebApplicationEndBehavior->runEnd('backend')
#16 /Volumes/DATA/php/edu_php_backend/framework/base/CComponent.php(261): call_user_func_array(Array, Array)
#17 /Volumes/DATA/php/edu_php_backend/backend.php(11): CComponent->__call('runEnd', Array)
#18 /Volumes/DATA/php/edu_php_backend/backend.php(11): CWebApplication->runEnd('backend')
#19 {main}
REQUEST_URI=/backend/general/card?id=81&lang_id=4&level_id=4&confirm=1&bug=1
---
2015/08/04 09:21:51 [error] [system.db.CDbCommand] CDbCommand::execute() failed: SQLSTATE[42000]: Syntax error or access violation: 1064 You have an error in your SQL syntax; check the manual that corresponds to your MySQL server version for the right syntax to use near 'WHERE video_card_id = 33496' at line 1. The SQL statement executed was: UPDATE tbl_video_image_desc_language SET video_card_id = 33499, image_card_id =  WHERE video_card_id = 33496.
2015/08/04 09:21:51 [error] [exception.CDbException] exception 'CDbException' with message 'CDbCommand failed to execute the SQL statement: SQLSTATE[42000]: Syntax error or access violation: 1064 You have an error in your SQL syntax; check the manual that corresponds to your MySQL server version for the right syntax to use near 'WHERE video_card_id = 33496' at line 1. The SQL statement executed was: UPDATE tbl_video_image_desc_language SET video_card_id = 33499, image_card_id =  WHERE video_card_id = 33496' in /Volumes/DATA/php/edu_php_backend/framework/db/CDbCommand.php:358
Stack trace:
#0 /Volumes/DATA/php/edu_php_backend/protected/controllers/backend/GeneralController.php(321): CDbCommand->execute()
#1 /Volumes/DATA/php/edu_php_backend/framework/web/actions/CInlineAction.php(49): GeneralController->actionCard()
#2 /Volumes/DATA/php/edu_php_backend/framework/web/CController.php(308): CInlineAction->runWithParams(Array)
#3 /Volumes/DATA/php/edu_php_backend/framework/web/filters/CFilterChain.php(133): CController->runAction(Object(CInlineAction))
#4 /Volumes/DATA/php/edu_php_backend/framework/web/filters/CFilter.php(40): CFilterChain->run()
#5 /Volumes/DATA/php/edu_php_backend/framework/web/CController.php(1145): CFilter->filter(Object(CFilterChain))
#6 /Volumes/DATA/php/edu_php_backend/framework/web/filters/CInlineFilter.php(58): CController->filterAccessControl(Object(CFilterChain))
#7 /Volumes/DATA/php/edu_php_backend/framework/web/filters/CFilterChain.php(130): CInlineFilter->filter(Object(CFilterChain))
#8 /Volumes/DATA/php/edu_php_backend/framework/web/CController.php(291): CFilterChain->run()
#9 /Volumes/DATA/php/edu_php_backend/framework/web/CController.php(265): CController->runActionWithFilters(Object(CInlineAction), Array)
#10 /Volumes/DATA/php/edu_php_backend/framework/web/CWebApplication.php(282): CController->run('card')
#11 /Volumes/DATA/php/edu_php_backend/framework/web/CWebApplication.php(141): CWebApplication->runController('general/card')
#12 /Volumes/DATA/php/edu_php_backend/framework/base/CApplication.php(180): CWebApplication->processRequest()
#13 /Volumes/DATA/php/edu_php_backend/protected/components/WebApplicationEndBehavior.php(23): CApplication->run()
#14 [internal function]: WebApplicationEndBehavior->runEnd('backend')
#15 /Volumes/DATA/php/edu_php_backend/framework/base/CComponent.php(261): call_user_func_array(Array, Array)
#16 /Volumes/DATA/php/edu_php_backend/backend.php(11): CComponent->__call('runEnd', Array)
#17 /Volumes/DATA/php/edu_php_backend/backend.php(11): CWebApplication->runEnd('backend')
#18 {main}
REQUEST_URI=/backend/general/card?id=81&lang_id=4&level_id=4&confirm=1&bug=1
---
2015/08/04 10:27:52 [error] [system.db.CDbCommand] CDbCommand::fetchColumn() failed: SQLSTATE[42000]: Syntax error or access violation: 1064 You have an error in your SQL syntax; check the manual that corresponds to your MySQL server version for the right syntax to use near 'AND id_card = 81 AND group_id = -1 AND lang_id = 4' at line 1. The SQL statement executed was: SELECT id FROM tbl_video_sentence WHERE video_card_id =   AND id_card = 81 AND group_id = -1 AND lang_id = 4.
2015/08/04 10:27:52 [error] [exception.CDbException] exception 'CDbException' with message 'CDbCommand failed to execute the SQL statement: SQLSTATE[42000]: Syntax error or access violation: 1064 You have an error in your SQL syntax; check the manual that corresponds to your MySQL server version for the right syntax to use near 'AND id_card = 81 AND group_id = -1 AND lang_id = 4' at line 1. The SQL statement executed was: SELECT id FROM tbl_video_sentence WHERE video_card_id =   AND id_card = 81 AND group_id = -1 AND lang_id = 4' in /Volumes/DATA/php/edu_php_backend/framework/db/CDbCommand.php:543
Stack trace:
#0 /Volumes/DATA/php/edu_php_backend/framework/db/CDbCommand.php(433): CDbCommand->queryInternal('fetchColumn', 0, Array)
#1 /Volumes/DATA/php/edu_php_backend/protected/controllers/backend/GeneralController.php(553): CDbCommand->queryScalar()
#2 /Volumes/DATA/php/edu_php_backend/framework/web/actions/CInlineAction.php(49): GeneralController->actionCard()
#3 /Volumes/DATA/php/edu_php_backend/framework/web/CController.php(308): CInlineAction->runWithParams(Array)
#4 /Volumes/DATA/php/edu_php_backend/framework/web/filters/CFilterChain.php(133): CController->runAction(Object(CInlineAction))
#5 /Volumes/DATA/php/edu_php_backend/framework/web/filters/CFilter.php(40): CFilterChain->run()
#6 /Volumes/DATA/php/edu_php_backend/framework/web/CController.php(1145): CFilter->filter(Object(CFilterChain))
#7 /Volumes/DATA/php/edu_php_backend/framework/web/filters/CInlineFilter.php(58): CController->filterAccessControl(Object(CFilterChain))
#8 /Volumes/DATA/php/edu_php_backend/framework/web/filters/CFilterChain.php(130): CInlineFilter->filter(Object(CFilterChain))
#9 /Volumes/DATA/php/edu_php_backend/framework/web/CController.php(291): CFilterChain->run()
#10 /Volumes/DATA/php/edu_php_backend/framework/web/CController.php(265): CController->runActionWithFilters(Object(CInlineAction), Array)
#11 /Volumes/DATA/php/edu_php_backend/framework/web/CWebApplication.php(282): CController->run('card')
#12 /Volumes/DATA/php/edu_php_backend/framework/web/CWebApplication.php(141): CWebApplication->runController('general/card')
#13 /Volumes/DATA/php/edu_php_backend/framework/base/CApplication.php(180): CWebApplication->processRequest()
#14 /Volumes/DATA/php/edu_php_backend/protected/components/WebApplicationEndBehavior.php(23): CApplication->run()
#15 [internal function]: WebApplicationEndBehavior->runEnd('backend')
#16 /Volumes/DATA/php/edu_php_backend/framework/base/CComponent.php(261): call_user_func_array(Array, Array)
#17 /Volumes/DATA/php/edu_php_backend/backend.php(11): CComponent->__call('runEnd', Array)
#18 /Volumes/DATA/php/edu_php_backend/backend.php(11): CWebApplication->runEnd('backend')
#19 {main}
REQUEST_URI=/backend/general/card?id=81&lang_id=4&level_id=4&confirm=1&bug=1
---
2015/08/05 10:18:13 [error] [exception.CHttpException.404] exception 'CHttpException' with message 'The system is unable to find the requested action "image".' in /Volumes/DATA/php/edu_php_backend/framework/web/CController.php:483
Stack trace:
#0 /Volumes/DATA/php/edu_php_backend/framework/web/CController.php(270): CController->missingAction('image')
#1 /Volumes/DATA/php/edu_php_backend/framework/web/CWebApplication.php(282): CController->run('image')
#2 /Volumes/DATA/php/edu_php_backend/framework/web/CWebApplication.php(141): CWebApplication->runController('write/image')
#3 /Volumes/DATA/php/edu_php_backend/framework/base/CApplication.php(180): CWebApplication->processRequest()
#4 /Volumes/DATA/php/edu_php_backend/protected/components/WebApplicationEndBehavior.php(23): CApplication->run()
#5 [internal function]: WebApplicationEndBehavior->runEnd('backend')
#6 /Volumes/DATA/php/edu_php_backend/framework/base/CComponent.php(261): call_user_func_array(Array, Array)
#7 /Volumes/DATA/php/edu_php_backend/backend.php(11): CComponent->__call('runEnd', Array)
#8 /Volumes/DATA/php/edu_php_backend/backend.php(11): CWebApplication->runEnd('backend')
#9 {main}
REQUEST_URI=/backend/write/image?card_id=81&lang_id=1&img_id=19596&bug=1
---
2015/08/05 11:16:14 [error] [system.db.CDbCommand] CDbCommand::execute() failed: SQLSTATE[23000]: Integrity constraint violation: 1062 Duplicate entry '3' for key 'PRIMARY'. The SQL statement executed was: UPDATE tbl_image_write_sentence SET created = :created, id = :id. Bound with :created=1438748174, :id=3.
2015/08/05 11:16:14 [error] [exception.CDbException] exception 'CDbException' with message 'CDbCommand failed to execute the SQL statement: SQLSTATE[23000]: Integrity constraint violation: 1062 Duplicate entry '3' for key 'PRIMARY'. The SQL statement executed was: UPDATE tbl_image_write_sentence SET created = :created, id = :id. Bound with :created=1438748174, :id=3' in /Volumes/DATA/php/edu_php_backend/framework/db/CDbCommand.php:358
Stack trace:
#0 /Volumes/DATA/php/edu_php_backend/protected/controllers/backend/WriteController.php(62): CDbCommand->execute()
#1 /Volumes/DATA/php/edu_php_backend/framework/web/actions/CInlineAction.php(49): WriteController->actionImage()
#2 /Volumes/DATA/php/edu_php_backend/framework/web/CController.php(308): CInlineAction->runWithParams(Array)
#3 /Volumes/DATA/php/edu_php_backend/framework/web/filters/CFilterChain.php(133): CController->runAction(Object(CInlineAction))
#4 /Volumes/DATA/php/edu_php_backend/framework/web/filters/CFilter.php(40): CFilterChain->run()
#5 /Volumes/DATA/php/edu_php_backend/framework/web/CController.php(1145): CFilter->filter(Object(CFilterChain))
#6 /Volumes/DATA/php/edu_php_backend/framework/web/filters/CInlineFilter.php(58): CController->filterAccessControl(Object(CFilterChain))
#7 /Volumes/DATA/php/edu_php_backend/framework/web/filters/CFilterChain.php(130): CInlineFilter->filter(Object(CFilterChain))
#8 /Volumes/DATA/php/edu_php_backend/framework/web/CController.php(291): CFilterChain->run()
#9 /Volumes/DATA/php/edu_php_backend/framework/web/CController.php(265): CController->runActionWithFilters(Object(CInlineAction), Array)
#10 /Volumes/DATA/php/edu_php_backend/framework/web/CWebApplication.php(282): CController->run('image')
#11 /Volumes/DATA/php/edu_php_backend/framework/web/CWebApplication.php(141): CWebApplication->runController('write/image')
#12 /Volumes/DATA/php/edu_php_backend/framework/base/CApplication.php(180): CWebApplication->processRequest()
#13 /Volumes/DATA/php/edu_php_backend/protected/components/WebApplicationEndBehavior.php(23): CApplication->run()
#14 [internal function]: WebApplicationEndBehavior->runEnd('backend')
#15 /Volumes/DATA/php/edu_php_backend/framework/base/CComponent.php(261): call_user_func_array(Array, Array)
#16 /Volumes/DATA/php/edu_php_backend/backend.php(11): CComponent->__call('runEnd', Array)
#17 /Volumes/DATA/php/edu_php_backend/backend.php(11): CWebApplication->runEnd('backend')
#18 {main}
REQUEST_URI=/backend/write/image?bug=1
HTTP_REFERER=http://edu.vn/backend/write/image?bug=1
---
2015/08/05 17:29:52 [error] [system.db.CDbCommand] CDbCommand::fetchAll() failed: SQLSTATE[42S02]: Base table or view not found: 1146 Table 'edu_system.tbl_video_image_desc_language' doesn't exist. The SQL statement executed was: SELECT * FROM tbl_video_image_desc_language WHERE video_card_id IN (26085,24322).
2015/08/05 17:29:52 [error] [exception.CDbException] exception 'CDbException' with message 'CDbCommand failed to execute the SQL statement: SQLSTATE[42S02]: Base table or view not found: 1146 Table 'edu_system.tbl_video_image_desc_language' doesn't exist. The SQL statement executed was: SELECT * FROM tbl_video_image_desc_language WHERE video_card_id IN (26085,24322)' in /Volumes/DATA/php/edu_php_backend/framework/db/CDbCommand.php:543
Stack trace:
#0 /Volumes/DATA/php/edu_php_backend/framework/db/CDbCommand.php(396): CDbCommand->queryInternal('fetchAll', Array, Array)
#1 /Volumes/DATA/php/edu_php_backend/protected/controllers/backend/VideoimageController.php(180): CDbCommand->queryAll()
#2 /Volumes/DATA/php/edu_php_backend/framework/web/actions/CInlineAction.php(49): VideoimageController->actionVideo()
#3 /Volumes/DATA/php/edu_php_backend/framework/web/CController.php(308): CInlineAction->runWithParams(Array)
#4 /Volumes/DATA/php/edu_php_backend/framework/web/filters/CFilterChain.php(133): CController->runAction(Object(CInlineAction))
#5 /Volumes/DATA/php/edu_php_backend/framework/web/filters/CFilter.php(40): CFilterChain->run()
#6 /Volumes/DATA/php/edu_php_backend/framework/web/CController.php(1145): CFilter->filter(Object(CFilterChain))
#7 /Volumes/DATA/php/edu_php_backend/framework/web/filters/CInlineFilter.php(58): CController->filterAccessControl(Object(CFilterChain))
#8 /Volumes/DATA/php/edu_php_backend/framework/web/filters/CFilterChain.php(130): CInlineFilter->filter(Object(CFilterChain))
#9 /Volumes/DATA/php/edu_php_backend/framework/web/CController.php(291): CFilterChain->run()
#10 /Volumes/DATA/php/edu_php_backend/framework/web/CController.php(265): CController->runActionWithFilters(Object(CInlineAction), Array)
#11 /Volumes/DATA/php/edu_php_backend/framework/web/CWebApplication.php(282): CController->run('video')
#12 /Volumes/DATA/php/edu_php_backend/framework/web/CWebApplication.php(141): CWebApplication->runController('videoimage/vide...')
#13 /Volumes/DATA/php/edu_php_backend/framework/base/CApplication.php(180): CWebApplication->processRequest()
#14 /Volumes/DATA/php/edu_php_backend/protected/components/WebApplicationEndBehavior.php(23): CApplication->run()
#15 [internal function]: WebApplicationEndBehavior->runEnd('backend')
#16 /Volumes/DATA/php/edu_php_backend/framework/base/CComponent.php(261): call_user_func_array(Array, Array)
#17 /Volumes/DATA/php/edu_php_backend/backend.php(11): CComponent->__call('runEnd', Array)
#18 /Volumes/DATA/php/edu_php_backend/backend.php(11): CWebApplication->runEnd('backend')
#19 {main}
REQUEST_URI=/backend/videoimage/video?id=62&lang_id=8&bug=1&man=1
---
